Using pre-set license
Built from '2022.3/staging' branch; Version is '2022.3.7f1 (b16b3b16c7a0) revision 11627323'; Using compiler version '192829333'; Build Type 'Release'
OS: 'Windows 11  (10.0.22621) 64bit Core' Language: 'en' Physical Memory: 15628 MB
BatchMode: 1, IsHumanControllingUs: 0, StartBugReporterOnCrash: 0, Is64bit: 1, IsPro: 1

COMMAND LINE ARGUMENTS:
C:\Program Files\Unity\Hub\Editor\2022.3.7f1\Editor\Unity.exe
-adb2
-batchMode
-noUpm
-name
AssetImportWorker4
-projectPath
C:/Users/trety/OneDrive/Documents/GitHub/Lab-4/Lab 4
-logFile
Logs/AssetImportWorker4.log
-srvPort
60435
Successfully changed project path to: C:/Users/trety/OneDrive/Documents/GitHub/Lab-4/Lab 4
C:/Users/trety/OneDrive/Documents/GitHub/Lab-4/Lab 4
[UnityMemory] Configuration Parameters - Can be set up in boot.config
    "memorysetup-bucket-allocator-granularity=16"
    "memorysetup-bucket-allocator-bucket-count=8"
    "memorysetup-bucket-allocator-block-size=33554432"
    "memorysetup-bucket-allocator-block-count=8"
    "memorysetup-main-allocator-block-size=16777216"
    "memorysetup-thread-allocator-block-size=16777216"
    "memorysetup-gfx-main-allocator-block-size=16777216"
    "memorysetup-gfx-thread-allocator-block-size=16777216"
    "memorysetup-cache-allocator-block-size=4194304"
    "memorysetup-typetree-allocator-block-size=2097152"
    "memorysetup-profiler-bucket-allocator-granularity=16"
    "memorysetup-profiler-bucket-allocator-bucket-count=8"
    "memorysetup-profiler-bucket-allocator-block-size=33554432"
    "memorysetup-profiler-bucket-allocator-block-count=8"
    "memorysetup-profiler-allocator-block-size=16777216"
    "memorysetup-profiler-editor-allocator-block-size=1048576"
    "memorysetup-temp-allocator-size-main=16777216"
    "memorysetup-job-temp-allocator-block-size=2097152"
    "memorysetup-job-temp-allocator-block-size-background=1048576"
    "memorysetup-job-temp-allocator-reduction-small-platforms=262144"
    "memorysetup-allocator-temp-initial-block-size-main=262144"
    "memorysetup-allocator-temp-initial-block-size-worker=262144"
    "memorysetup-temp-allocator-size-background-worker=32768"
    "memorysetup-temp-allocator-size-job-worker=262144"
    "memorysetup-temp-allocator-size-preload-manager=33554432"
    "memorysetup-temp-allocator-size-nav-mesh-worker=65536"
    "memorysetup-temp-allocator-size-audio-worker=65536"
    "memorysetup-temp-allocator-size-cloud-worker=32768"
    "memorysetup-temp-allocator-size-gi-baking-worker=262144"
    "memorysetup-temp-allocator-size-gfx=262144"
Player connection [28060] Host "[IP] 192.168.191.142 [Port] 0 [Flags] 2 [Guid] 1295955458 [EditorId] 1295955458 [Version] 1048832 [Id] WindowsEditor(7,LAPTOP-K6D0DOT3) [Debug] 1 [PackageName] WindowsEditor [ProjectName] Editor" joined multi-casting on [225.0.0.222:54997]...

Player connection [28060] Host "[IP] 192.168.191.142 [Port] 0 [Flags] 2 [Guid] 1295955458 [EditorId] 1295955458 [Version] 1048832 [Id] WindowsEditor(7,LAPTOP-K6D0DOT3) [Debug] 1 [PackageName] WindowsEditor [ProjectName] Editor" joined alternative multi-casting on [225.0.0.222:34997]...

Refreshing native plugins compatible for Editor in 105.76 ms, found 3 plugins.
Preloading 0 native plugins for Editor in 0.00 ms.
Initialize engine version: 2022.3.7f1 (b16b3b16c7a0)
[Subsystems] Discovering subsystems at path C:/Program Files/Unity/Hub/Editor/2022.3.7f1/Editor/Data/Resources/UnitySubsystems
[Subsystems] Discovering subsystems at path C:/Users/trety/OneDrive/Documents/GitHub/Lab-4/Lab 4/Assets
GfxDevice: creating device client; threaded=0; jobified=0
Direct3D:
    Version:  Direct3D 11.0 [level 11.1]
    Renderer: NVIDIA GeForce RTX 3060 Laptop GPU (ID=0x2520)
    Vendor:   NVIDIA
    VRAM:     6009 MB
    Driver:   31.0.15.3734
Initialize mono
Mono path[0] = 'C:/Program Files/Unity/Hub/Editor/2022.3.7f1/Editor/Data/Managed'
Mono path[1] = 'C:/Program Files/Unity/Hub/Editor/2022.3.7f1/Editor/Data/MonoBleedingEdge/lib/mono/unityjit-win32'
Mono config path = 'C:/Program Files/Unity/Hub/Editor/2022.3.7f1/Editor/Data/MonoBleedingEdge/etc'
Using monoOptions --debugger-agent=transport=dt_socket,embedding=1,server=y,suspend=n,address=127.0.0.1:56564
Begin MonoManager ReloadAssembly
Registering precompiled unity dll's ...
Register platform support module: C:/Program Files/Unity/Hub/Editor/2022.3.7f1/Editor/Data/PlaybackEngines/WindowsStandaloneSupport/UnityEditor.WindowsStandalone.Extensions.dll
Registered in 0.005689 seconds.
- Loaded All Assemblies, in  0.794 seconds
Native extension for WindowsStandalone target not found
Mono: successfully reloaded assembly
- Finished resetting the current domain, in  0.212 seconds
Domain Reload Profiling: 1005ms
	BeginReloadAssembly (94ms)
		ExecutionOrderSort (0ms)
		DisableScriptedObjects (0ms)
		BackupInstance (0ms)
		ReleaseScriptingObjects (0ms)
		CreateAndSetChildDomain (1ms)
	RebuildCommonClasses (168ms)
	RebuildNativeTypeToScriptingClass (8ms)
	initialDomainReloadingComplete (49ms)
	LoadAllAssembliesAndSetupDomain (473ms)
		LoadAssemblies (92ms)
		RebuildTransferFunctionScriptingTraits (0ms)
		AnalyzeDomain (471ms)
			TypeCache.Refresh (470ms)
				TypeCache.ScanAssembly (392ms)
			ScanForSourceGeneratedMonoScriptInfo (0ms)
			ResolveRequiredComponents (0ms)
	FinalizeReload (213ms)
		ReleaseScriptCaches (0ms)
		RebuildScriptCaches (0ms)
		SetupLoadedEditorAssemblies (165ms)
			LogAssemblyErrors (0ms)
			InitializePlatformSupportModulesInManaged (8ms)
			SetLoadedEditorAssemblies (7ms)
			RefreshPlugins (0ms)
			BeforeProcessingInitializeOnLoad (2ms)
			ProcessInitializeOnLoadAttributes (105ms)
			ProcessInitializeOnLoadMethodAttributes (44ms)
			AfterProcessingInitializeOnLoad (0ms)
			EditorAssembliesLoaded (0ms)
		ExecutionOrderSort2 (0ms)
		AwakeInstancesAfterBackupRestoration (0ms)
========================================================================
Worker process is ready to serve import requests
Begin MonoManager ReloadAssembly
Symbol file LoadedFromMemory doesn't match image C:\Users\trety\OneDrive\Documents\GitHub\Lab-4\Lab 4\Library\PackageCache\com.unity.visualscripting@1.8.0\Editor\VisualScripting.Core\Dependencies\YamlDotNet\Unity.VisualScripting.YamlDotNet.dll
Symbol file LoadedFromMemory doesn't match image C:\Users\trety\OneDrive\Documents\GitHub\Lab-4\Lab 4\Library\PackageCache\com.unity.visualscripting@1.8.0\Editor\VisualScripting.Core\Dependencies\DotNetZip\Unity.VisualScripting.IonicZip.dll
- Loaded All Assemblies, in  0.532 seconds
Refreshing native plugins compatible for Editor in 2.70 ms, found 3 plugins.
Native extension for WindowsStandalone target not found
Mono: successfully reloaded assembly
- Finished resetting the current domain, in  0.423 seconds
Domain Reload Profiling: 954ms
	BeginReloadAssembly (125ms)
		ExecutionOrderSort (0ms)
		DisableScriptedObjects (5ms)
		BackupInstance (0ms)
		ReleaseScriptingObjects (0ms)
		CreateAndSetChildDomain (20ms)
	RebuildCommonClasses (26ms)
	RebuildNativeTypeToScriptingClass (8ms)
	initialDomainReloadingComplete (34ms)
	LoadAllAssembliesAndSetupDomain (337ms)
		LoadAssemblies (236ms)
		RebuildTransferFunctionScriptingTraits (0ms)
		AnalyzeDomain (172ms)
			TypeCache.Refresh (156ms)
				TypeCache.ScanAssembly (108ms)
			ScanForSourceGeneratedMonoScriptInfo (11ms)
			ResolveRequiredComponents (3ms)
	FinalizeReload (424ms)
		ReleaseScriptCaches (0ms)
		RebuildScriptCaches (0ms)
		SetupLoadedEditorAssemblies (305ms)
			LogAssemblyErrors (0ms)
			InitializePlatformSupportModulesInManaged (5ms)
			SetLoadedEditorAssemblies (3ms)
			RefreshPlugins (0ms)
			BeforeProcessingInitializeOnLoad (52ms)
			ProcessInitializeOnLoadAttributes (222ms)
			ProcessInitializeOnLoadMethodAttributes (16ms)
			AfterProcessingInitializeOnLoad (6ms)
			EditorAssembliesLoaded (0ms)
		ExecutionOrderSort2 (0ms)
		AwakeInstancesAfterBackupRestoration (5ms)
Launched and connected shader compiler UnityShaderCompiler.exe after 0.05 seconds
Refreshing native plugins compatible for Editor in 3.26 ms, found 3 plugins.
Preloading 0 native plugins for Editor in 0.00 ms.
Unloading 3067 Unused Serialized files (Serialized files now loaded: 0)
Unloading 31 unused Assets / (56.3 KB). Loaded Objects now: 3529.
Memory consumption went from 114.2 MB to 114.1 MB.
Total: 2.719500 ms (FindLiveObjects: 0.260400 ms CreateObjectMapping: 0.100400 ms MarkObjects: 2.267700 ms  DeleteObjects: 0.090000 ms)

AssetImportParameters requested are different than current active one (requested -> active):
  custom:container-demuxer-ogg: 62fdf1f143b41e24485cea50d1cbac27 -> 
  custom:video-codec-MediaFoundation-h265: 746d11721c4dcdbdad8f713fa42b33f4 -> 
  custom:video-decoder-ogg-theora: a1e56fd34408186e4bbccfd4996cb3dc -> 
  custom:framework-win-MediaFoundation: 216162199b28c13a410421893ffa2e32 -> 
  custom:CustomObjectIndexerAttribute: 756ad292c208cfabdd7b50bc23989ffe -> 
  custom:container-demuxer-webm: 4f35f7cbe854078d1ac9338744f61a02 -> 
  custom:container-muxer-webm: aa71ff27fc2769a1b78a27578f13a17b -> 
  custom:video-decoder-webm-vp8: 9c59270c3fd7afecdb556c50c9e8de78 -> 
  custom:SearchIndexIgnoredProperties: e643bd26f0fe6173181afceb89e7c659 -> 
  custom:AudioImporter_EditorPlatform: d09bf68614088b80899f8185d706f6e7 -> 
  custom:video-encoder-webm-vp8: eb34c28f22e8b96e1ab97ce403110664 -> 
  custom:audio-decoder-ogg-vorbis: bf7c407c2cedff20999df2af8eb42d56 -> 
  custom:audio-encoder-webm-vorbis: bf7c407c2cedff20999df2af8eb42d56 -> 
========================================================================
Received Prepare
Begin MonoManager ReloadAssembly
Symbol file LoadedFromMemory doesn't match image C:\Users\trety\OneDrive\Documents\GitHub\Lab-4\Lab 4\Library\PackageCache\com.unity.visualscripting@1.8.0\Editor\VisualScripting.Core\Dependencies\YamlDotNet\Unity.VisualScripting.YamlDotNet.dll
Symbol file LoadedFromMemory doesn't match image C:\Users\trety\OneDrive\Documents\GitHub\Lab-4\Lab 4\Library\PackageCache\com.unity.visualscripting@1.8.0\Editor\VisualScripting.Core\Dependencies\DotNetZip\Unity.VisualScripting.IonicZip.dll
- Loaded All Assemblies, in  0.401 seconds
Refreshing native plugins compatible for Editor in 3.47 ms, found 3 plugins.
Native extension for WindowsStandalone target not found
Mono: successfully reloaded assembly
- Finished resetting the current domain, in  0.747 seconds
Domain Reload Profiling: 1145ms
	BeginReloadAssembly (138ms)
		ExecutionOrderSort (0ms)
		DisableScriptedObjects (4ms)
		BackupInstance (0ms)
		ReleaseScriptingObjects (0ms)
		CreateAndSetChildDomain (31ms)
	RebuildCommonClasses (35ms)
	RebuildNativeTypeToScriptingClass (11ms)
	initialDomainReloadingComplete (26ms)
	LoadAllAssembliesAndSetupDomain (188ms)
		LoadAssemblies (250ms)
		RebuildTransferFunctionScriptingTraits (0ms)
		AnalyzeDomain (12ms)
			TypeCache.Refresh (6ms)
				TypeCache.ScanAssembly (0ms)
			ScanForSourceGeneratedMonoScriptInfo (0ms)
			ResolveRequiredComponents (4ms)
	FinalizeReload (748ms)
		ReleaseScriptCaches (0ms)
		RebuildScriptCaches (0ms)
		SetupLoadedEditorAssemblies (292ms)
			LogAssemblyErrors (0ms)
			InitializePlatformSupportModulesInManaged (5ms)
			SetLoadedEditorAssemblies (4ms)
			RefreshPlugins (0ms)
			BeforeProcessingInitializeOnLoad (60ms)
			ProcessInitializeOnLoadAttributes (196ms)
			ProcessInitializeOnLoadMethodAttributes (19ms)
			AfterProcessingInitializeOnLoad (7ms)
			EditorAssembliesLoaded (0ms)
		ExecutionOrderSort2 (0ms)
		AwakeInstancesAfterBackupRestoration (6ms)
Refreshing native plugins compatible for Editor in 3.67 ms, found 3 plugins.
Preloading 0 native plugins for Editor in 0.00 ms.
Unloading 3060 Unused Serialized files (Serialized files now loaded: 0)
Unloading 22 unused Assets / (30.5 KB). Loaded Objects now: 3532.
Memory consumption went from 113.2 MB to 113.1 MB.
Total: 3.285400 ms (FindLiveObjects: 0.314400 ms CreateObjectMapping: 0.296500 ms MarkObjects: 2.621000 ms  DeleteObjects: 0.052300 ms)

Prepare: number of updated asset objects reloaded= 0
AssetImportParameters requested are different than current active one (requested -> active):
  custom:container-demuxer-ogg: 62fdf1f143b41e24485cea50d1cbac27 -> 
  custom:video-codec-MediaFoundation-h265: 746d11721c4dcdbdad8f713fa42b33f4 -> 
  custom:video-decoder-ogg-theora: a1e56fd34408186e4bbccfd4996cb3dc -> 
  custom:framework-win-MediaFoundation: 216162199b28c13a410421893ffa2e32 -> 
  custom:CustomObjectIndexerAttribute: 756ad292c208cfabdd7b50bc23989ffe -> 
  custom:container-demuxer-webm: 4f35f7cbe854078d1ac9338744f61a02 -> 
  custom:container-muxer-webm: aa71ff27fc2769a1b78a27578f13a17b -> 
  custom:video-decoder-webm-vp8: 9c59270c3fd7afecdb556c50c9e8de78 -> 
  custom:SearchIndexIgnoredProperties: e643bd26f0fe6173181afceb89e7c659 -> 
  custom:AudioImporter_EditorPlatform: d09bf68614088b80899f8185d706f6e7 -> 
  custom:video-encoder-webm-vp8: eb34c28f22e8b96e1ab97ce403110664 -> 
  custom:audio-decoder-ogg-vorbis: bf7c407c2cedff20999df2af8eb42d56 -> 
  custom:audio-encoder-webm-vorbis: bf7c407c2cedff20999df2af8eb42d56 -> 
========================================================================
Received Import Request.
  Time since last request: 270430.267891 seconds.
  path: Assets/Animator/guardMask.mask
  artifactKey: Guid(b49fbf54d790b4d42893c1954968538d) Importer(815301076,1909f56bfc062723c751e8b465ee728b)
Start importing Assets/Animator/guardMask.mask using Guid(b49fbf54d790b4d42893c1954968538d) Importer(815301076,1909f56bfc062723c751e8b465ee728b)  -> (artifact id: 'eb0c48508f4e1c9b32245b562aa81f00') in 0.011182 seconds
Number of updated asset objects reloaded before import = 0
Number of asset objects unloaded after import = 1
========================================================================
Received Import Request.
  Time since last request: 12.127361 seconds.
  path: Assets/Animator/bowMask.mask
  artifactKey: Guid(bca4394e56e5e3d47a9a211f15f7e904) Importer(815301076,1909f56bfc062723c751e8b465ee728b)
Start importing Assets/Animator/bowMask.mask using Guid(bca4394e56e5e3d47a9a211f15f7e904) Importer(815301076,1909f56bfc062723c751e8b465ee728b)  -> (artifact id: '9407c5534355b3da07184fbd77b25535') in 0.001028 seconds
Number of updated asset objects reloaded before import = 0
Number of asset objects unloaded after import = 1
========================================================================
Received Prepare
Begin MonoManager ReloadAssembly
Symbol file LoadedFromMemory doesn't match image C:\Users\trety\OneDrive\Documents\GitHub\Lab-4\Lab 4\Library\PackageCache\com.unity.visualscripting@1.8.0\Editor\VisualScripting.Core\Dependencies\YamlDotNet\Unity.VisualScripting.YamlDotNet.dll
Symbol file LoadedFromMemory doesn't match image C:\Users\trety\OneDrive\Documents\GitHub\Lab-4\Lab 4\Library\PackageCache\com.unity.visualscripting@1.8.0\Editor\VisualScripting.Core\Dependencies\DotNetZip\Unity.VisualScripting.IonicZip.dll
- Loaded All Assemblies, in  0.369 seconds
Refreshing native plugins compatible for Editor in 3.27 ms, found 3 plugins.
Native extension for WindowsStandalone target not found
Mono: successfully reloaded assembly
- Finished resetting the current domain, in  0.738 seconds
Domain Reload Profiling: 1104ms
	BeginReloadAssembly (134ms)
		ExecutionOrderSort (0ms)
		DisableScriptedObjects (6ms)
		BackupInstance (0ms)
		ReleaseScriptingObjects (0ms)
		CreateAndSetChildDomain (30ms)
	RebuildCommonClasses (27ms)
	RebuildNativeTypeToScriptingClass (9ms)
	initialDomainReloadingComplete (26ms)
	LoadAllAssembliesAndSetupDomain (170ms)
		LoadAssemblies (230ms)
		RebuildTransferFunctionScriptingTraits (0ms)
		AnalyzeDomain (9ms)
			TypeCache.Refresh (5ms)
				TypeCache.ScanAssembly (0ms)
			ScanForSourceGeneratedMonoScriptInfo (0ms)
			ResolveRequiredComponents (3ms)
	FinalizeReload (738ms)
		ReleaseScriptCaches (0ms)
		RebuildScriptCaches (0ms)
		SetupLoadedEditorAssemblies (293ms)
			LogAssemblyErrors (0ms)
			InitializePlatformSupportModulesInManaged (6ms)
			SetLoadedEditorAssemblies (4ms)
			RefreshPlugins (0ms)
			BeforeProcessingInitializeOnLoad (57ms)
			ProcessInitializeOnLoadAttributes (201ms)
			ProcessInitializeOnLoadMethodAttributes (18ms)
			AfterProcessingInitializeOnLoad (8ms)
			EditorAssembliesLoaded (0ms)
		ExecutionOrderSort2 (0ms)
		AwakeInstancesAfterBackupRestoration (6ms)
Refreshing native plugins compatible for Editor in 3.11 ms, found 3 plugins.
Preloading 0 native plugins for Editor in 0.00 ms.
Unloading 3059 Unused Serialized files (Serialized files now loaded: 0)
Unloading 22 unused Assets / (30.5 KB). Loaded Objects now: 3536.
Memory consumption went from 112.9 MB to 112.9 MB.
Total: 3.532100 ms (FindLiveObjects: 0.224400 ms CreateObjectMapping: 0.188600 ms MarkObjects: 3.054200 ms  DeleteObjects: 0.063400 ms)

Prepare: number of updated asset objects reloaded= 0
AssetImportParameters requested are different than current active one (requested -> active):
  custom:container-demuxer-ogg: 62fdf1f143b41e24485cea50d1cbac27 -> 
  custom:video-codec-MediaFoundation-h265: 746d11721c4dcdbdad8f713fa42b33f4 -> 
  custom:video-decoder-ogg-theora: a1e56fd34408186e4bbccfd4996cb3dc -> 
  custom:framework-win-MediaFoundation: 216162199b28c13a410421893ffa2e32 -> 
  custom:CustomObjectIndexerAttribute: 756ad292c208cfabdd7b50bc23989ffe -> 
  custom:container-demuxer-webm: 4f35f7cbe854078d1ac9338744f61a02 -> 
  custom:container-muxer-webm: aa71ff27fc2769a1b78a27578f13a17b -> 
  custom:video-decoder-webm-vp8: 9c59270c3fd7afecdb556c50c9e8de78 -> 
  custom:SearchIndexIgnoredProperties: e643bd26f0fe6173181afceb89e7c659 -> 
  custom:AudioImporter_EditorPlatform: d09bf68614088b80899f8185d706f6e7 -> 
  custom:video-encoder-webm-vp8: eb34c28f22e8b96e1ab97ce403110664 -> 
  custom:audio-decoder-ogg-vorbis: bf7c407c2cedff20999df2af8eb42d56 -> 
  custom:audio-encoder-webm-vorbis: bf7c407c2cedff20999df2af8eb42d56 -> 
========================================================================
Received Import Request.
  Time since last request: 3631.854951 seconds.
  path: Assets/Animator/GuardController.controller
  artifactKey: Guid(0a85a5097d6981c49be2e378e18d984d) Importer(815301076,1909f56bfc062723c751e8b465ee728b)
Start importing Assets/Animator/GuardController.controller using Guid(0a85a5097d6981c49be2e378e18d984d) Importer(815301076,1909f56bfc062723c751e8b465ee728b)  -> (artifact id: '09d327cea7ff1873e5e9dafb7373ace2') in 0.101099 seconds
Number of updated asset objects reloaded before import = 0
Number of asset objects unloaded after import = 8
========================================================================
Received Import Request.
  Time since last request: 1.980205 seconds.
  path: Assets/Animator/bowMask.mask
  artifactKey: Guid(bca4394e56e5e3d47a9a211f15f7e904) Importer(815301076,1909f56bfc062723c751e8b465ee728b)
Start importing Assets/Animator/bowMask.mask using Guid(bca4394e56e5e3d47a9a211f15f7e904) Importer(815301076,1909f56bfc062723c751e8b465ee728b)  -> (artifact id: '0472d3a5a9aa3f5d807556826a8014ac') in 0.001574 seconds
Number of updated asset objects reloaded before import = 0
Number of asset objects unloaded after import = 1
========================================================================
Received Import Request.
  Time since last request: 0.013090 seconds.
  path: Assets/Animator/2ndGuardController 1.controller
  artifactKey: Guid(fee3ccc9212988a4eaaa12e6d08b7ef2) Importer(815301076,1909f56bfc062723c751e8b465ee728b)
Start importing Assets/Animator/2ndGuardController 1.controller using Guid(fee3ccc9212988a4eaaa12e6d08b7ef2) Importer(815301076,1909f56bfc062723c751e8b465ee728b)  -> (artifact id: '091e5f284c30e791ec0678182ac2e4fd') in 0.014037 seconds
Number of updated asset objects reloaded before import = 0
Number of asset objects unloaded after import = 10
========================================================================
Received Import Request.
  Time since last request: 12.192203 seconds.
  path: Assets/Animator/3rdGuardController.controller
  artifactKey: Guid(fee3ccc9212988a4eaaa12e6d08b7ef2) Importer(815301076,1909f56bfc062723c751e8b465ee728b)
Start importing Assets/Animator/3rdGuardController.controller using Guid(fee3ccc9212988a4eaaa12e6d08b7ef2) Importer(815301076,1909f56bfc062723c751e8b465ee728b)  -> (artifact id: '2727c72da3b45467542b8a51453a96b1') in 0.011053 seconds
Number of updated asset objects reloaded before import = 0
Number of asset objects unloaded after import = 10
========================================================================
Received Import Request.
  Time since last request: 81.568471 seconds.
  path: Assets/Lab04-resources/Part 1/Animations/1-Explore/Step 4/walking 1.anim
  artifactKey: Guid(8870cad8a5d84c64a97e6ae52b3f4fc4) Importer(815301076,1909f56bfc062723c751e8b465ee728b)
Start importing Assets/Lab04-resources/Part 1/Animations/1-Explore/Step 4/walking 1.anim using Guid(8870cad8a5d84c64a97e6ae52b3f4fc4) Importer(815301076,1909f56bfc062723c751e8b465ee728b)  -> (artifact id: 'da349d6168ea46d73de8c49280207221') in 0.004266 seconds
Number of updated asset objects reloaded before import = 0
Number of asset objects unloaded after import = 1
========================================================================
Received Import Request.
  Time since last request: 9.725840 seconds.
  path: Assets/Lab04-resources/Part 1/Animations/1-Explore/Step 4/walking develop.anim
  artifactKey: Guid(8870cad8a5d84c64a97e6ae52b3f4fc4) Importer(815301076,1909f56bfc062723c751e8b465ee728b)
Start importing Assets/Lab04-resources/Part 1/Animations/1-Explore/Step 4/walking develop.anim using Guid(8870cad8a5d84c64a97e6ae52b3f4fc4) Importer(815301076,1909f56bfc062723c751e8b465ee728b)  -> (artifact id: '6581514437a4a55604493cbef3586035') in 0.003606 seconds
Number of updated asset objects reloaded before import = 0
Number of asset objects unloaded after import = 1
========================================================================
Received Import Request.
  Time since last request: 6.320937 seconds.
  path: Assets/Animator/3rdGuardController.controller
  artifactKey: Guid(fee3ccc9212988a4eaaa12e6d08b7ef2) Importer(815301076,1909f56bfc062723c751e8b465ee728b)
Start importing Assets/Animator/3rdGuardController.controller using Guid(fee3ccc9212988a4eaaa12e6d08b7ef2) Importer(815301076,1909f56bfc062723c751e8b465ee728b)  -> (artifact id: '6cf69c30e1551b1b7a2f6ae392ce758a') in 0.011341 seconds
Number of updated asset objects reloaded before import = 0
Number of asset objects unloaded after import = 10
========================================================================
Received Prepare
Begin MonoManager ReloadAssembly
Symbol file LoadedFromMemory doesn't match image C:\Users\trety\OneDrive\Documents\GitHub\Lab-4\Lab 4\Library\PackageCache\com.unity.visualscripting@1.8.0\Editor\VisualScripting.Core\Dependencies\YamlDotNet\Unity.VisualScripting.YamlDotNet.dll
Symbol file LoadedFromMemory doesn't match image C:\Users\trety\OneDrive\Documents\GitHub\Lab-4\Lab 4\Library\PackageCache\com.unity.visualscripting@1.8.0\Editor\VisualScripting.Core\Dependencies\DotNetZip\Unity.VisualScripting.IonicZip.dll
- Loaded All Assemblies, in  0.618 seconds
Refreshing native plugins compatible for Editor in 2.92 ms, found 3 plugins.
Native extension for WindowsStandalone target not found
Mono: successfully reloaded assembly
- Finished resetting the current domain, in  1.295 seconds
Domain Reload Profiling: 1912ms
	BeginReloadAssembly (194ms)
		ExecutionOrderSort (0ms)
		DisableScriptedObjects (5ms)
		BackupInstance (0ms)
		ReleaseScriptingObjects (0ms)
		CreateAndSetChildDomain (58ms)
	RebuildCommonClasses (28ms)
	RebuildNativeTypeToScriptingClass (9ms)
	initialDomainReloadingComplete (30ms)
	LoadAllAssembliesAndSetupDomain (356ms)
		LoadAssemblies (440ms)
		RebuildTransferFunctionScriptingTraits (0ms)
		AnalyzeDomain (12ms)
			TypeCache.Refresh (6ms)
				TypeCache.ScanAssembly (0ms)
			ScanForSourceGeneratedMonoScriptInfo (0ms)
			ResolveRequiredComponents (4ms)
	FinalizeReload (1296ms)
		ReleaseScriptCaches (0ms)
		RebuildScriptCaches (0ms)
		SetupLoadedEditorAssemblies (346ms)
			LogAssemblyErrors (0ms)
			InitializePlatformSupportModulesInManaged (7ms)
			SetLoadedEditorAssemblies (5ms)
			RefreshPlugins (0ms)
			BeforeProcessingInitializeOnLoad (65ms)
			ProcessInitializeOnLoadAttributes (237ms)
			ProcessInitializeOnLoadMethodAttributes (23ms)
			AfterProcessingInitializeOnLoad (8ms)
			EditorAssembliesLoaded (0ms)
		ExecutionOrderSort2 (0ms)
		AwakeInstancesAfterBackupRestoration (9ms)
Refreshing native plugins compatible for Editor in 3.54 ms, found 3 plugins.
Preloading 0 native plugins for Editor in 0.00 ms.
Unloading 3059 Unused Serialized files (Serialized files now loaded: 0)
Unloading 22 unused Assets / (30.5 KB). Loaded Objects now: 3539.
Memory consumption went from 112.9 MB to 112.9 MB.
Total: 4.619000 ms (FindLiveObjects: 0.343300 ms CreateObjectMapping: 0.263900 ms MarkObjects: 3.836000 ms  DeleteObjects: 0.173800 ms)

Prepare: number of updated asset objects reloaded= 0
AssetImportParameters requested are different than current active one (requested -> active):
  custom:container-demuxer-ogg: 62fdf1f143b41e24485cea50d1cbac27 -> 
  custom:video-codec-MediaFoundation-h265: 746d11721c4dcdbdad8f713fa42b33f4 -> 
  custom:video-decoder-ogg-theora: a1e56fd34408186e4bbccfd4996cb3dc -> 
  custom:framework-win-MediaFoundation: 216162199b28c13a410421893ffa2e32 -> 
  custom:CustomObjectIndexerAttribute: 756ad292c208cfabdd7b50bc23989ffe -> 
  custom:container-demuxer-webm: 4f35f7cbe854078d1ac9338744f61a02 -> 
  custom:container-muxer-webm: aa71ff27fc2769a1b78a27578f13a17b -> 
  custom:video-decoder-webm-vp8: 9c59270c3fd7afecdb556c50c9e8de78 -> 
  custom:SearchIndexIgnoredProperties: e643bd26f0fe6173181afceb89e7c659 -> 
  custom:AudioImporter_EditorPlatform: d09bf68614088b80899f8185d706f6e7 -> 
  custom:video-encoder-webm-vp8: eb34c28f22e8b96e1ab97ce403110664 -> 
  custom:audio-decoder-ogg-vorbis: bf7c407c2cedff20999df2af8eb42d56 -> 
  custom:audio-encoder-webm-vorbis: bf7c407c2cedff20999df2af8eb42d56 -> 
========================================================================
Received Import Request.
  Time since last request: 3543.214030 seconds.
  path: Assets/Animator/2ndGuardController.controller
  artifactKey: Guid(94c49d0213ba1ab428f47ead15224676) Importer(815301076,1909f56bfc062723c751e8b465ee728b)
Start importing Assets/Animator/2ndGuardController.controller using Guid(94c49d0213ba1ab428f47ead15224676) Importer(815301076,1909f56bfc062723c751e8b465ee728b)  -> (artifact id: 'd9ad305e82ee0ef53a778168ad527ccd') in 0.240752 seconds
Number of updated asset objects reloaded before import = 0
Number of asset objects unloaded after import = 10
========================================================================
Received Import Request.
  Time since last request: 800.116935 seconds.
  path: Assets/Animator/3rdGuardController.controller
  artifactKey: Guid(fee3ccc9212988a4eaaa12e6d08b7ef2) Importer(815301076,1909f56bfc062723c751e8b465ee728b)
Start importing Assets/Animator/3rdGuardController.controller using Guid(fee3ccc9212988a4eaaa12e6d08b7ef2) Importer(815301076,1909f56bfc062723c751e8b465ee728b)  -> (artifact id: '171dc46ec36d9c77aabc5c2c9f63edbe') in 0.034104 seconds
Number of updated asset objects reloaded before import = 0
Number of asset objects unloaded after import = 13
========================================================================
Received Import Request.
  Time since last request: 0.699545 seconds.
  path: Assets/Animator/bowMask.mask
  artifactKey: Guid(bca4394e56e5e3d47a9a211f15f7e904) Importer(815301076,1909f56bfc062723c751e8b465ee728b)
Start importing Assets/Animator/bowMask.mask using Guid(bca4394e56e5e3d47a9a211f15f7e904) Importer(815301076,1909f56bfc062723c751e8b465ee728b)  -> (artifact id: 'cdbda742c7532418d4e5cd8a4419f8c6') in 0.005732 seconds
Number of updated asset objects reloaded before import = 0
Number of asset objects unloaded after import = 1
========================================================================
Received Import Request.
  Time since last request: 4.763584 seconds.
  path: Assets/RPGHero/PromotionImage.jpg
  artifactKey: Guid(5cb6c6af00f7e294baeda13ac52fb671) Importer(815301076,1909f56bfc062723c751e8b465ee728b)
Start importing Assets/RPGHero/PromotionImage.jpg using Guid(5cb6c6af00f7e294baeda13ac52fb671) Importer(815301076,1909f56bfc062723c751e8b465ee728b)  -> (artifact id: 'cdd6d6436f879b9eae569823573c45be') in 0.239690 seconds
Number of updated asset objects reloaded before import = 0
Number of asset objects unloaded after import = 2
========================================================================
Received Import Request.
  Time since last request: 1.202880 seconds.
  path: Assets/RPGHero/Textures
  artifactKey: Guid(96bfcd2d828054f40aea2e9ca3dcc1dc) Importer(815301076,1909f56bfc062723c751e8b465ee728b)
Start importing Assets/RPGHero/Textures using Guid(96bfcd2d828054f40aea2e9ca3dcc1dc) Importer(815301076,1909f56bfc062723c751e8b465ee728b)  -> (artifact id: 'b6e7a0e5937b040c5fe71511d1c7034b') in 0.000871 seconds
Number of updated asset objects reloaded before import = 0
Number of asset objects unloaded after import = 0
========================================================================
Received Import Request.
  Time since last request: 14.719252 seconds.
  path: Assets/RPGHero/SRP
  artifactKey: Guid(a02bc95b4839d724d8f024f05920509b) Importer(815301076,1909f56bfc062723c751e8b465ee728b)
Start importing Assets/RPGHero/SRP using Guid(a02bc95b4839d724d8f024f05920509b) Importer(815301076,1909f56bfc062723c751e8b465ee728b)  -> (artifact id: '800d66ce746346f1f7f17d8982fed234') in 0.000633 seconds
Number of updated asset objects reloaded before import = 0
Number of asset objects unloaded after import = 0
========================================================================
Received Import Request.
  Time since last request: 1.051019 seconds.
  path: Assets/RPGHero/Meshes
  artifactKey: Guid(c241ccf12f2a2c043a2d58193b8abcf0) Importer(815301076,1909f56bfc062723c751e8b465ee728b)
Start importing Assets/RPGHero/Meshes using Guid(c241ccf12f2a2c043a2d58193b8abcf0) Importer(815301076,1909f56bfc062723c751e8b465ee728b)  -> (artifact id: '26856b97261dbabe24419c7c8ad78b8e') in 0.000583 seconds
Number of updated asset objects reloaded before import = 0
Number of asset objects unloaded after import = 0
========================================================================
Received Import Request.
  Time since last request: 0.639203 seconds.
  path: Assets/RPGHero/Meshes/PolyartShield.fbx
  artifactKey: Guid(82d123ce4a1a7824bae34da0dd9e13f5) Importer(815301076,1909f56bfc062723c751e8b465ee728b)
Start importing Assets/RPGHero/Meshes/PolyartShield.fbx using Guid(82d123ce4a1a7824bae34da0dd9e13f5) Importer(815301076,1909f56bfc062723c751e8b465ee728b)  -> (artifact id: '8c233b76f2d4d966c1c753efe37170c2') in 0.237904 seconds
Number of updated asset objects reloaded before import = 0
Number of asset objects unloaded after import = 7
========================================================================
Received Import Request.
  Time since last request: 0.000028 seconds.
  path: Assets/RPGHero/Meshes/Shield.fbx
  artifactKey: Guid(9d34b073abce58249a1f664619a13aaa) Importer(815301076,1909f56bfc062723c751e8b465ee728b)
Start importing Assets/RPGHero/Meshes/Shield.fbx using Guid(9d34b073abce58249a1f664619a13aaa) Importer(815301076,1909f56bfc062723c751e8b465ee728b)  -> (artifact id: '7e7ae5bed71624045d06267fce3bb7e9') in 0.028210 seconds
Number of updated asset objects reloaded before import = 0
Number of asset objects unloaded after import = 7
========================================================================
Received Import Request.
  Time since last request: 0.000024 seconds.
  path: Assets/RPGHero/Meshes/Stage.fbx
  artifactKey: Guid(433ba552641724b44889f4b106bec3f5) Importer(815301076,1909f56bfc062723c751e8b465ee728b)
Start importing Assets/RPGHero/Meshes/Stage.fbx using Guid(433ba552641724b44889f4b106bec3f5) Importer(815301076,1909f56bfc062723c751e8b465ee728b)  -> (artifact id: '876f49709ec0c4fb9bfd9241cc606327') in 0.023956 seconds
Number of updated asset objects reloaded before import = 0
Number of asset objects unloaded after import = 7
========================================================================
Received Import Request.
  Time since last request: 0.000019 seconds.
  path: Assets/RPGHero/Meshes/Sword.fbx
  artifactKey: Guid(64564c9f5e409974297b87494cbe4731) Importer(815301076,1909f56bfc062723c751e8b465ee728b)
Start importing Assets/RPGHero/Meshes/Sword.fbx using Guid(64564c9f5e409974297b87494cbe4731) Importer(815301076,1909f56bfc062723c751e8b465ee728b)  -> (artifact id: '6fb824549ca3cba91576f69213d96e80') in 0.021044 seconds
Number of updated asset objects reloaded before import = 0
Number of asset objects unloaded after import = 7
========================================================================
Received Import Request.
  Time since last request: 2.459761 seconds.
  path: Assets/RPGHero/Prefabs
  artifactKey: Guid(a2a0b3e9614ce9644bcf0df7f50794ce) Importer(815301076,1909f56bfc062723c751e8b465ee728b)
Start importing Assets/RPGHero/Prefabs using Guid(a2a0b3e9614ce9644bcf0df7f50794ce) Importer(815301076,1909f56bfc062723c751e8b465ee728b)  -> (artifact id: '3c2ddf7652798afeafb495bf52419cd9') in 0.000682 seconds
Number of updated asset objects reloaded before import = 0
Number of asset objects unloaded after import = 0
========================================================================
Received Import Request.
  Time since last request: 0.097458 seconds.
  path: Assets/RPGHero/Prefabs/RPGHeroHP.prefab
  artifactKey: Guid(c20397bf1592dc040b827e8716b0bd41) Importer(815301076,1909f56bfc062723c751e8b465ee728b)
Start importing Assets/RPGHero/Prefabs/RPGHeroHP.prefab using Guid(c20397bf1592dc040b827e8716b0bd41) Importer(815301076,1909f56bfc062723c751e8b465ee728b)  -> (artifact id: '428cd81299f34e229086a2fd1f1655d8') in 0.179595 seconds
Internal: There are remaining Allocations on the JobTempAlloc. This is a leak, and will impact performance
To Debug, run app with -diag-job-temp-memory-leak-validation cmd line argument. This will output the callstacks of the leaked allocations.
Number of updated asset objects reloaded before import = 0
Number of asset objects unloaded after import = 181
========================================================================
Received Import Request.
  Time since last request: 0.000027 seconds.
  path: Assets/RPGHero/Prefabs/RPGHeroPolyart.prefab
  artifactKey: Guid(c647a6e9ba715004ebbf4dc6d7bd1e7a) Importer(815301076,1909f56bfc062723c751e8b465ee728b)
Start importing Assets/RPGHero/Prefabs/RPGHeroPolyart.prefab using Guid(c647a6e9ba715004ebbf4dc6d7bd1e7a) Importer(815301076,1909f56bfc062723c751e8b465ee728b)  -> (artifact id: '56ee38c4e4a5b81649dbe086b06196aa') in 0.085865 seconds
Internal: There are remaining Allocations on the JobTempAlloc. This is a leak, and will impact performance
To Debug, run app with -diag-job-temp-memory-leak-validation cmd line argument. This will output the callstacks of the leaked allocations.
Number of updated asset objects reloaded before import = 0
Number of asset objects unloaded after import = 181
========================================================================
Received Import Request.
  Time since last request: 2.446175 seconds.
  path: Assets/RPGHero/SRP/FreeRPGHeroesLW.zip
  artifactKey: Guid(08e5378003a93e442af2c2ca9ee9de41) Importer(815301076,1909f56bfc062723c751e8b465ee728b)
Start importing Assets/RPGHero/SRP/FreeRPGHeroesLW.zip using Guid(08e5378003a93e442af2c2ca9ee9de41) Importer(815301076,1909f56bfc062723c751e8b465ee728b)  -> (artifact id: '6882410809af28de866880a572188c74') in 0.001357 seconds
Internal: There are remaining Allocations on the JobTempAlloc. This is a leak, and will impact performance
To Debug, run app with -diag-job-temp-memory-leak-validation cmd line argument. This will output the callstacks of the leaked allocations.
Number of updated asset objects reloaded before import = 0
Number of asset objects unloaded after import = 1
========================================================================
Received Import Request.
  Time since last request: 0.646882 seconds.
  path: Assets/RPGHero/SRP/FreeRPGHeroesHD.zip
  artifactKey: Guid(b9840486e533dfc4a976192239e48783) Importer(815301076,1909f56bfc062723c751e8b465ee728b)
Start importing Assets/RPGHero/SRP/FreeRPGHeroesHD.zip using Guid(b9840486e533dfc4a976192239e48783) Importer(815301076,1909f56bfc062723c751e8b465ee728b)  -> (artifact id: '3e0394a81526c50d0e32e6ec8c3894a3') in 0.001933 seconds
Internal: There are remaining Allocations on the JobTempAlloc. This is a leak, and will impact performance
To Debug, run app with -diag-job-temp-memory-leak-validation cmd line argument. This will output the callstacks of the leaked allocations.
Number of updated asset objects reloaded before import = 0
Number of asset objects unloaded after import = 1
